<?xml version="1.0" encoding="UTF-8"?>
<testsuite name="guru.springframework.SpringBootDerbyApplicationTests" time="0.054" tests="1" errors="0" skipped="0" failures="0">
  <properties>
    <property name="java.vendor" value="IBM Corporation"/>
    <property name="sun.java.launcher" value="SUN_STANDARD"/>
    <property name="os.name" value="Windows 10"/>
    <property name="sun.boot.class.path" value="C:\temp\EclipseIBM\eclipseDevelopmentPackage\ibm_sdk80\jre\bin\compressedrefs\jclSC180\vm.jar;C:\temp\EclipseIBM\eclipseDevelopmentPackage\ibm_sdk80\jre\lib\se-service.jar;C:\temp\EclipseIBM\eclipseDevelopmentPackage\ibm_sdk80\jre\lib\cuda4j.jar;C:\temp\EclipseIBM\eclipseDevelopmentPackage\ibm_sdk80\jre\lib\math.jar;C:\temp\EclipseIBM\eclipseDevelopmentPackage\ibm_sdk80\jre\lib\ibmorb.jar;C:\temp\EclipseIBM\eclipseDevelopmentPackage\ibm_sdk80\jre\lib\ibmorbapi.jar;C:\temp\EclipseIBM\eclipseDevelopmentPackage\ibm_sdk80\jre\lib\ibmcfw.jar;C:\temp\EclipseIBM\eclipseDevelopmentPackage\ibm_sdk80\jre\lib\ibmpkcs.jar;C:\temp\EclipseIBM\eclipseDevelopmentPackage\ibm_sdk80\jre\lib\ibmcertpathfw.jar;C:\temp\EclipseIBM\eclipseDevelopmentPackage\ibm_sdk80\jre\lib\ibmjgssfw.jar;C:\temp\EclipseIBM\eclipseDevelopmentPackage\ibm_sdk80\jre\lib\ibmjssefw.jar;C:\temp\EclipseIBM\eclipseDevelopmentPackage\ibm_sdk80\jre\lib\ibmsaslfw.jar;C:\temp\EclipseIBM\eclipseDevelopmentPackage\ibm_sdk80\jre\lib\ibmjcefw.jar;C:\temp\EclipseIBM\eclipseDevelopmentPackage\ibm_sdk80\jre\lib\ibmjgssprovider.jar;C:\temp\EclipseIBM\eclipseDevelopmentPackage\ibm_sdk80\jre\lib\ibmjsseprovider2.jar;C:\temp\EclipseIBM\eclipseDevelopmentPackage\ibm_sdk80\jre\lib\ibmcertpathprovider.jar;C:\temp\EclipseIBM\eclipseDevelopmentPackage\ibm_sdk80\jre\lib\xmldsigfw.jar;C:\temp\EclipseIBM\eclipseDevelopmentPackage\ibm_sdk80\jre\lib\xml.jar;C:\temp\EclipseIBM\eclipseDevelopmentPackage\ibm_sdk80\jre\lib\charsets.jar;C:\temp\EclipseIBM\eclipseDevelopmentPackage\ibm_sdk80\jre\lib\resources.jar;C:\temp\EclipseIBM\eclipseDevelopmentPackage\ibm_sdk80\jre\lib\rt.jar;C:\temp\EclipseIBM\eclipseDevelopmentPackage\ibm_sdk80\jre\lib\dataaccess.jar"/>
    <property name="sun.desktop" value="windows"/>
    <property name="java.vm.specification.vendor" value="Oracle Corporation"/>
    <property name="java.runtime.version" value="8.0.5.10 - pwa6480sr5fp10-20180214_01(SR5 FP10)"/>
    <property name="user.name" value="BALRAJDASHRATHRAJ"/>
    <property name="java.compiler" value="j9jit29"/>
    <property name="os.encoding" value="UTF8"/>
    <property name="guice.disable.misplaced.annotation.check" value="true"/>
    <property name="com.ibm.util.extralibs.properties" value=""/>
    <property name="com.ibm.jcl.checkClassPath" value=""/>
    <property name="user.language" value="en"/>
    <property name="com.ibm.oti.vm.bootstrap.library.path" value="C:\temp\EclipseIBM\eclipseDevelopmentPackage\ibm_sdk80\jre\bin\compressedrefs;C:\temp\EclipseIBM\eclipseDevelopmentPackage\ibm_sdk80\jre\bin"/>
    <property name="sun.boot.library.path" value="C:\temp\EclipseIBM\eclipseDevelopmentPackage\ibm_sdk80\jre\bin\compressedrefs;C:\temp\EclipseIBM\eclipseDevelopmentPackage\ibm_sdk80\jre\bin"/>
    <property name="classworlds.conf" value="C:\temp\apache-maven-3.5.3\bin\..\bin\m2.conf"/>
    <property name="java.version" value="1.8.0_161"/>
    <property name="user.timezone" value="Asia/Calcutta"/>
    <property name="com.ibm.system.agent.path" value="C:\temp\EclipseIBM\eclipseDevelopmentPackage\ibm_sdk80\jre\bin"/>
    <property name="sun.arch.data.model" value="64"/>
    <property name="com.ibm.zero.version" value="2"/>
    <property name="java.endorsed.dirs" value="C:\temp\EclipseIBM\eclipseDevelopmentPackage\ibm_sdk80\jre\lib\endorsed"/>
    <property name="com.ibm.oti.vm.library.version" value="29"/>
    <property name="sun.jnu.encoding" value="Cp1252"/>
    <property name="file.encoding.pkg" value="sun.io"/>
    <property name="file.separator" value="\"/>
    <property name="java.specification.name" value="Java Platform API Specification"/>
    <property name="maven.conf" value="C:\temp\apache-maven-3.5.3\bin\../conf"/>
    <property name="java.class.version" value="52.0"/>
    <property name="user.country" value="IN"/>
    <property name="java.home" value="C:\temp\EclipseIBM\eclipseDevelopmentPackage\ibm_sdk80\jre"/>
    <property name="java.vm.info" value="JRE 1.8.0 Windows 10 amd64-64 Compressed References 20180208_378436 (JIT enabled, AOT enabled)&#10;OpenJ9   - 39bb844&#10;OMR      - c04ccb2&#10;IBM      - 2321a81"/>
    <property name="os.version" value="10.0"/>
    <property name="java.awt.fonts" value=""/>
    <property name="path.separator" value=";"/>
    <property name="java.vm.version" value="2.9"/>
    <property name="user.variant" value=""/>
    <property name="console.encoding" value="Cp437"/>
    <property name="java.awt.printerjob" value="sun.awt.windows.WPrinterJob"/>
    <property name="sun.io.unicode.encoding" value="UnicodeLittle"/>
    <property name="awt.toolkit" value="sun.awt.windows.WToolkit"/>
    <property name="ibm.signalhandling.sigint" value="true"/>
    <property name="user.home" value="C:\Users\BALRAJDASHRATHRAJ"/>
    <property name="com.ibm.cpu.endian" value="little"/>
    <property name="java.specification.vendor" value="Oracle Corporation"/>
    <property name="ibm.signalhandling.sigchain" value="true"/>
    <property name="library.jansi.path" value="C:\temp\apache-maven-3.5.3\bin\..\lib\jansi-native"/>
    <property name="java.library.path" value="C:\temp\EclipseIBM\eclipseDevelopmentPackage\ibm_sdk80\jre\bin\compressedrefs;C:\temp\EclipseIBM\eclipseDevelopmentPackage\ibm_sdk80\jre\bin;C:\WINDOWS\system32;C:\WINDOWS;C:/Program Files/Java/jre1.8.0_191/bin/server;C:/Program Files/Java/jre1.8.0_191/bin;C:/Program Files/Java/jre1.8.0_191/lib/amd64;C:\Program Files (x86)\Common Files\Oracle\Java\javapath;C:\ProgramData\Oracle\Java\javapath;C:\WINDOWS\system32;C:\WINDOWS;C:\WINDOWS\System32\Wbem;C:\WINDOWS\System32\WindowsPowerShell\v1.0\;C:\temp\EclipseIBM\eclipseDevelopmentPackage\ibm_sdk80\bin;C:\Program Files\Microsoft SQL Server\Client SDK\ODBC\110\Tools\Binn\;C:\Program Files (x86)\Microsoft SQL Server\120\Tools\Binn\;C:\Program Files\Microsoft SQL Server\120\Tools\Binn\;C:\Program Files\Microsoft SQL Server\120\DTS\Binn\;C:\Program Files\Git\cmd;C:\Program Files\Git\bin;C:\WINDOWS\System32\OpenSSH\;C:\NodeJS\nvm;C:\Program Files\nodejs;C:\Program Files (x86)\Intel\Intel(R) Management Engine Components\DAL;C:\Program Files\Intel\Intel(R) Management Engine Components\DAL;C:\Program Files\Intel\WiFi\bin\;C:\Program Files\Common Files\Intel\WirelessCommon\;C:\Program Files\PuTTY\;C:\temp\AWS\CLI\bin\;C:\temp\Kubernetes\;C:\Users\BALRAJDASHRATHRAJ\AppData\Local\Microsoft\WindowsApps;C:\temp\apache-maven-3.5.3\bin;C:\Users\BALRAJDASHRATHRAJ\AppData\Loca;C:\temp\Kubernetes\minikube\;C:\temp\fss\minishift\minishift-1.34.1-windows-amd64\;C:\temp\DB\Derby\db-derby-10.12.1.1-bin\bin\;C:\Users\BALRAJDASHRATHRAJ\AppData\Local\GitHubDesktop\bin;C:\Users\BALRAJDASHRATHRAJ\AppData\Roaming\npm;C:\Angular\MSVSCode\bin;C:\temp\MS\STS-3.9.2;;."/>
    <property name="java.vendor.url" value="http://www.ibm.com"/>
    <property name="java.vm.vendor" value="IBM Corporation"/>
    <property name="java.fullversion" value="8.0.5.10 - pwa6480sr5fp10-20180214_01(SR5 FP10)&#10;JRE 1.8.0 IBM J9 2.9 Windows 10 amd64-64 Compressed References 20180208_378436 (JIT enabled, AOT enabled)&#10;OpenJ9   - 39bb844&#10;OMR      - c04ccb2&#10;IBM      - 2321a81"/>
    <property name="maven.home" value="C:\temp\apache-maven-3.5.3\bin\.."/>
    <property name="java.runtime.name" value="Java(TM) SE Runtime Environment"/>
    <property name="sun.java.command" value="org.codehaus.plexus.classworlds.launcher.Launcher clean install"/>
    <property name="java.class.path" value="C:\temp\apache-maven-3.5.3\bin\..\boot\plexus-classworlds-2.5.2.jar"/>
    <property name="java.vm.specification.name" value="Java Virtual Machine Specification"/>
    <property name="java.vm.specification.version" value="1.8"/>
    <property name="sun.cpu.endian" value="little"/>
    <property name="java.io.tmpdir" value="C:\Users\BALRAJ~1\AppData\Local\Temp\"/>
    <property name="maven.multiModuleProjectDirectory" value="C:\temp\MS\first-boot"/>
    <property name="ibm.system.encoding" value="Cp1252"/>
    <property name="os.arch" value="amd64"/>
    <property name="java.awt.graphicsenv" value="sun.awt.Win32GraphicsEnvironment"/>
    <property name="ibm.signalhandling.rs" value="false"/>
    <property name="java.ext.dirs" value="C:\temp\EclipseIBM\eclipseDevelopmentPackage\ibm_sdk80\jre\lib\ext"/>
    <property name="user.dir" value="C:\temp\MS\first-boot"/>
    <property name="line.separator" value="&#10;"/>
    <property name="java.vm.name" value="IBM J9 VM"/>
    <property name="com.ibm.oti.shared.enabled" value="false"/>
    <property name="com.ibm.vm.bitmode" value="64"/>
    <property name="file.encoding" value="Cp1252"/>
    <property name="com.ibm.oti.configuration" value="scar"/>
    <property name="java.specification.version" value="1.8"/>
  </properties>
  <testcase name="contextLoads" classname="guru.springframework.SpringBootDerbyApplicationTests" time="0.054"/>
</testsuite>